<?xml version="1.0" encoding="UTF-8"?>
<!-- Generated by org.testng.reporters.JUnitReportReporter -->
<testsuite hostname="DESKTOP-M6APTDR" failures="0" tests="1" name="tests.Class2" time="0.001" errors="0" timestamp="2021-07-15T10:55:59 EDT" skipped="0">
  <testcase classname="tests.Class2" name="test4" time="0.001"/>
  <system-out/>
</testsuite> <!-- tests.Class2 -->
