<?xml version="1.0" encoding="UTF-8"?>
<!-- Generated by org.testng.reporters.JUnitReportReporter -->
<testsuite hostname="DESKTOP-M6APTDR" failures="0" tests="1" name="tests.Class1" time="0.007" errors="0" timestamp="2021-07-15T10:55:59 EDT" skipped="0">
  <testcase classname="tests.Class1" name="test2" time="0.007"/>
  <system-out/>
</testsuite> <!-- tests.Class1 -->
